{"name": "test_data_export_request", "status": "broken", "statusDetails": {"message": "selenium.common.exceptions.WebDriverException: Message: Service /opt/homebrew/bin/chromedriver unexpectedly exited. Status code was: -9", "trace": "tests/conftest.py:23: in driver\n    driver = get_chrome_driver()\ntests/utils/browser_setup.py:18: in get_chrome_driver\n    driver = webdriver.Chrome(service=service, options=chrome_options)\nvenv/lib/python3.12/site-packages/selenium/webdriver/chrome/webdriver.py:45: in __init__\n    super().__init__(\nvenv/lib/python3.12/site-packages/selenium/webdriver/chromium/webdriver.py:53: in __init__\n    self.service.start()\nvenv/lib/python3.12/site-packages/selenium/webdriver/common/service.py:102: in start\n    self.assert_process_still_running()\nvenv/lib/python3.12/site-packages/selenium/webdriver/common/service.py:115: in assert_process_still_running\n    raise WebDriverException(f\"Service {self._path} unexpectedly exited. Status code was: {return_code}\")\nE   selenium.common.exceptions.WebDriverException: Message: Service /opt/homebrew/bin/chromedriver unexpectedly exited. Status code was: -9"}, "start": 1763491449489, "stop": 1763491449489, "uuid": "b9641fce-2d50-48d1-bb98-85764dba7ac2", "historyId": "673be6eb2395ff88f9463e362ff6375a", "testCaseId": "673be6eb2395ff88f9463e362ff6375a", "fullName": "e2e.test_dsr#test_data_export_request", "labels": [{"name": "feature", "value": "DSR Functionality"}, {"name": "story", "value": "Data Export"}, {"name": "tag", "value": "dsr"}, {"name": "parentSuite", "value": "e2e"}, {"name": "suite", "value": "test_dsr"}, {"name": "host", "value": "laorenji-2.local"}, {"name": "thread", "value": "38926-MainThread"}, {"name": "framework", "value": "pytest"}, {"name": "language", "value": "cpython3"}, {"name": "package", "value": "e2e.test_dsr"}]}