{"name": "test_data_export_request", "status": "broken", "statusDetails": {"message": "selenium.common.exceptions.WebDriverException: Message: unknown error: net::ERR_CONNECTION_REFUSED\n  (Session info: chrome=142.0.7444.162)\nStacktrace:\n0   chromedriver                        0x000000010115eecc cxxbridge1$str$ptr + 2941512\n1   chromedriver                        0x0000000101156b88 cxxbridge1$str$ptr + 2907908\n2   chromedriver                        0x0000000100c6e2b0 _RNvCsgXDX2mvAJAg_7___rustc35___rust_no_alloc_shim_is_unstable_v2 + 74020\n3   chromedriver                        0x0000000100c6647c _RNvCsgXDX2mvAJAg_7___rustc35___rust_no_alloc_shim_is_unstable_v2 + 41712\n4   chromedriver                        0x0000000100c59090 cxxbridge1$string$len + 4700\n5   chromedriver                        0x0000000100c5ab18 cxxbridge1$string$len + 11492\n6   chromedriver                        0x0000000100c594dc cxxbridge1$string$len + 5800\n7   chromedriver                        0x0000000100c58df8 cxxbridge1$string$len + 4036\n8   chromedriver                        0x0000000100c58b84 cxxbridge1$string$len + 3408\n9   chromedriver                        0x0000000100c5695c chromedriver + 207196\n10  chromedriver                        0x0000000100c573ec chromedriver + 209900\n11  chromedriver                        0x0000000100c71454 _RNvCsgXDX2mvAJAg_7___rustc35___rust_no_alloc_shim_is_unstable_v2 + 86728\n12  chromedriver                        0x0000000100cf7814 _RNvCsgXDX2mvAJAg_7___rustc35___rust_no_alloc_shim_is_unstable_v2 + 636552\n13  chromedriver                        0x0000000100cf6d54 _RNvCsgXDX2mvAJAg_7___rustc35___rust_no_alloc_shim_is_unstable_v2 + 633800\n14  chromedriver                        0x0000000100ca9ef0 _RNvCsgXDX2mvAJAg_7___rustc35___rust_no_alloc_shim_is_unstable_v2 + 318820\n15  chromedriver                        0x00000001011220c8 cxxbridge1$str$ptr + 2692164\n16  chromedriver                        0x00000001011258dc cxxbridge1$str$ptr + 2706520\n17  chromedriver                        0x000000010110284c cxxbridge1$str$ptr + 2563016\n18  chromedriver                        0x00000001011261b4 cxxbridge1$str$ptr + 2708784\n19  chromedriver                        0x00000001010f40f4 cxxbridge1$str$ptr + 2503792\n20  chromedriver                        0x0000000101145498 cxxbridge1$str$ptr + 2836500\n21  chromedriver                        0x000000010114561c cxxbridge1$str$ptr + 2836888\n22  chromedriver                        0x00000001011567d8 cxxbridge1$str$ptr + 2906964\n23  libsystem_pthread.dylib             0x00000001951a0c08 _pthread_start + 136\n24  libsystem_pthread.dylib             0x000000019519bba8 thread_start + 8", "trace": "tests/conftest.py:53: in login_as_employee\n    driver.get(f'{frontend_url}/login')\nvenv/lib/python3.12/site-packages/selenium/webdriver/remote/webdriver.py:356: in get\n    self.execute(Command.GET, {\"url\": url})\nvenv/lib/python3.12/site-packages/selenium/webdriver/remote/webdriver.py:347: in execute\n    self.error_handler.check_response(response)\nvenv/lib/python3.12/site-packages/selenium/webdriver/remote/errorhandler.py:229: in check_response\n    raise exception_class(message, screen, stacktrace)\nE   selenium.common.exceptions.WebDriverException: Message: unknown error: net::ERR_CONNECTION_REFUSED\nE     (Session info: chrome=142.0.7444.162)\nE   Stacktrace:\nE   0   chromedriver                        0x000000010115eecc cxxbridge1$str$ptr + 2941512\nE   1   chromedriver                        0x0000000101156b88 cxxbridge1$str$ptr + 2907908\nE   2   chromedriver                        0x0000000100c6e2b0 _RNvCsgXDX2mvAJAg_7___rustc35___rust_no_alloc_shim_is_unstable_v2 + 74020\nE   3   chromedriver                        0x0000000100c6647c _RNvCsgXDX2mvAJAg_7___rustc35___rust_no_alloc_shim_is_unstable_v2 + 41712\nE   4   chromedriver                        0x0000000100c59090 cxxbridge1$string$len + 4700\nE   5   chromedriver                        0x0000000100c5ab18 cxxbridge1$string$len + 11492\nE   6   chromedriver                        0x0000000100c594dc cxxbridge1$string$len + 5800\nE   7   chromedriver                        0x0000000100c58df8 cxxbridge1$string$len + 4036\nE   8   chromedriver                        0x0000000100c58b84 cxxbridge1$string$len + 3408\nE   9   chromedriver                        0x0000000100c5695c chromedriver + 207196\nE   10  chromedriver                        0x0000000100c573ec chromedriver + 209900\nE   11  chromedriver                        0x0000000100c71454 _RNvCsgXDX2mvAJAg_7___rustc35___rust_no_alloc_shim_is_unstable_v2 + 86728\nE   12  chromedriver                        0x0000000100cf7814 _RNvCsgXDX2mvAJAg_7___rustc35___rust_no_alloc_shim_is_unstable_v2 + 636552\nE   13  chromedriver                        0x0000000100cf6d54 _RNvCsgXDX2mvAJAg_7___rustc35___rust_no_alloc_shim_is_unstable_v2 + 633800\nE   14  chromedriver                        0x0000000100ca9ef0 _RNvCsgXDX2mvAJAg_7___rustc35___rust_no_alloc_shim_is_unstable_v2 + 318820\nE   15  chromedriver                        0x00000001011220c8 cxxbridge1$str$ptr + 2692164\nE   16  chromedriver                        0x00000001011258dc cxxbridge1$str$ptr + 2706520\nE   17  chromedriver                        0x000000010110284c cxxbridge1$str$ptr + 2563016\nE   18  chromedriver                        0x00000001011261b4 cxxbridge1$str$ptr + 2708784\nE   19  chromedriver                        0x00000001010f40f4 cxxbridge1$str$ptr + 2503792\nE   20  chromedriver                        0x0000000101145498 cxxbridge1$str$ptr + 2836500\nE   21  chromedriver                        0x000000010114561c cxxbridge1$str$ptr + 2836888\nE   22  chromedriver                        0x00000001011567d8 cxxbridge1$str$ptr + 2906964\nE   23  libsystem_pthread.dylib             0x00000001951a0c08 _pthread_start + 136\nE   24  libsystem_pthread.dylib             0x000000019519bba8 thread_start + 8"}, "attachments": [{"name": "stdout", "source": "a77dfaae-908d-4df8-b1d8-5e35234403f9-attachment.txt", "type": "text/plain"}], "start": 1763510164457, "stop": 1763510164457, "uuid": "19b3812e-2e9b-4484-bd23-86dc57c6dc9f", "historyId": "673be6eb2395ff88f9463e362ff6375a", "testCaseId": "673be6eb2395ff88f9463e362ff6375a", "fullName": "e2e.test_dsr#test_data_export_request", "labels": [{"name": "story", "value": "Data Export"}, {"name": "feature", "value": "DSR Functionality"}, {"name": "tag", "value": "dsr"}, {"name": "parentSuite", "value": "e2e"}, {"name": "suite", "value": "test_dsr"}, {"name": "host", "value": "laorenji-2.local"}, {"name": "thread", "value": "54913-MainThread"}, {"name": "framework", "value": "pytest"}, {"name": "language", "value": "cpython3"}, {"name": "package", "value": "e2e.test_dsr"}]}