{"name": "test_consent_management", "status": "broken", "statusDetails": {"message": "selenium.common.exceptions.WebDriverException: Message: Service /opt/homebrew/bin/chromedriver unexpectedly exited. Status code was: -9", "trace": "tests/conftest.py:23: in driver\n    driver = get_chrome_driver()\ntests/utils/browser_setup.py:18: in get_chrome_driver\n    driver = webdriver.Chrome(service=service, options=chrome_options)\nvenv/lib/python3.12/site-packages/selenium/webdriver/chrome/webdriver.py:45: in __init__\n    super().__init__(\nvenv/lib/python3.12/site-packages/selenium/webdriver/chromium/webdriver.py:53: in __init__\n    self.service.start()\nvenv/lib/python3.12/site-packages/selenium/webdriver/common/service.py:102: in start\n    self.assert_process_still_running()\nvenv/lib/python3.12/site-packages/selenium/webdriver/common/service.py:115: in assert_process_still_running\n    raise WebDriverException(f\"Service {self._path} unexpectedly exited. Status code was: {return_code}\")\nE   selenium.common.exceptions.WebDriverException: Message: Service /opt/homebrew/bin/chromedriver unexpectedly exited. Status code was: -9"}, "start": 1763491468952, "stop": 1763491468952, "uuid": "c0936d73-3245-4e89-9d7c-05eea14c6d76", "historyId": "fb8372b3892a1f199bd3a9e28e549f47", "testCaseId": "fb8372b3892a1f199bd3a9e28e549f47", "fullName": "e2e.test_dsr#test_consent_management", "labels": [{"name": "story", "value": "Consent Management"}, {"name": "feature", "value": "DSR Functionality"}, {"name": "tag", "value": "dsr"}, {"name": "parentSuite", "value": "e2e"}, {"name": "suite", "value": "test_dsr"}, {"name": "host", "value": "laorenji-2.local"}, {"name": "thread", "value": "38926-MainThread"}, {"name": "framework", "value": "pytest"}, {"name": "language", "value": "cpython3"}, {"name": "package", "value": "e2e.test_dsr"}]}