{"name": "test_account_deletion_request", "status": "broken", "statusDetails": {"message": "selenium.common.exceptions.WebDriverException: Message: unknown error: net::ERR_CONNECTION_REFUSED\n  (Session info: chrome=142.0.7444.162)\nStacktrace:\n0   chromedriver                        0x00000001050aeecc cxxbridge1$str$ptr + 2941512\n1   chromedriver                        0x00000001050a6b88 cxxbridge1$str$ptr + 2907908\n2   chromedriver                        0x0000000104bbe2b0 _RNvCsgXDX2mvAJAg_7___rustc35___rust_no_alloc_shim_is_unstable_v2 + 74020\n3   chromedriver                        0x0000000104bb647c _RNvCsgXDX2mvAJAg_7___rustc35___rust_no_alloc_shim_is_unstable_v2 + 41712\n4   chromedriver                        0x0000000104ba9090 cxxbridge1$string$len + 4700\n5   chromedriver                        0x0000000104baab18 cxxbridge1$string$len + 11492\n6   chromedriver                        0x0000000104ba94dc cxxbridge1$string$len + 5800\n7   chromedriver                        0x0000000104ba8df8 cxxbridge1$string$len + 4036\n8   chromedriver                        0x0000000104ba8b84 cxxbridge1$string$len + 3408\n9   chromedriver                        0x0000000104ba695c chromedriver + 207196\n10  chromedriver                        0x0000000104ba73ec chromedriver + 209900\n11  chromedriver                        0x0000000104bc1454 _RNvCsgXDX2mvAJAg_7___rustc35___rust_no_alloc_shim_is_unstable_v2 + 86728\n12  chromedriver                        0x0000000104c47814 _RNvCsgXDX2mvAJAg_7___rustc35___rust_no_alloc_shim_is_unstable_v2 + 636552\n13  chromedriver                        0x0000000104c46d54 _RNvCsgXDX2mvAJAg_7___rustc35___rust_no_alloc_shim_is_unstable_v2 + 633800\n14  chromedriver                        0x0000000104bf9ef0 _RNvCsgXDX2mvAJAg_7___rustc35___rust_no_alloc_shim_is_unstable_v2 + 318820\n15  chromedriver                        0x00000001050720c8 cxxbridge1$str$ptr + 2692164\n16  chromedriver                        0x00000001050758dc cxxbridge1$str$ptr + 2706520\n17  chromedriver                        0x000000010505284c cxxbridge1$str$ptr + 2563016\n18  chromedriver                        0x00000001050761b4 cxxbridge1$str$ptr + 2708784\n19  chromedriver                        0x00000001050440f4 cxxbridge1$str$ptr + 2503792\n20  chromedriver                        0x0000000105095498 cxxbridge1$str$ptr + 2836500\n21  chromedriver                        0x000000010509561c cxxbridge1$str$ptr + 2836888\n22  chromedriver                        0x00000001050a67d8 cxxbridge1$str$ptr + 2906964\n23  libsystem_pthread.dylib             0x00000001951a0c08 _pthread_start + 136\n24  libsystem_pthread.dylib             0x000000019519bba8 thread_start + 8", "trace": "tests/e2e/test_dsr.py:189: in test_account_deletion_request\n    driver.get(f'{frontend_url}/login')\nvenv/lib/python3.12/site-packages/selenium/webdriver/remote/webdriver.py:356: in get\n    self.execute(Command.GET, {\"url\": url})\nvenv/lib/python3.12/site-packages/selenium/webdriver/remote/webdriver.py:347: in execute\n    self.error_handler.check_response(response)\nvenv/lib/python3.12/site-packages/selenium/webdriver/remote/errorhandler.py:229: in check_response\n    raise exception_class(message, screen, stacktrace)\nE   selenium.common.exceptions.WebDriverException: Message: unknown error: net::ERR_CONNECTION_REFUSED\nE     (Session info: chrome=142.0.7444.162)\nE   Stacktrace:\nE   0   chromedriver                        0x00000001050aeecc cxxbridge1$str$ptr + 2941512\nE   1   chromedriver                        0x00000001050a6b88 cxxbridge1$str$ptr + 2907908\nE   2   chromedriver                        0x0000000104bbe2b0 _RNvCsgXDX2mvAJAg_7___rustc35___rust_no_alloc_shim_is_unstable_v2 + 74020\nE   3   chromedriver                        0x0000000104bb647c _RNvCsgXDX2mvAJAg_7___rustc35___rust_no_alloc_shim_is_unstable_v2 + 41712\nE   4   chromedriver                        0x0000000104ba9090 cxxbridge1$string$len + 4700\nE   5   chromedriver                        0x0000000104baab18 cxxbridge1$string$len + 11492\nE   6   chromedriver                        0x0000000104ba94dc cxxbridge1$string$len + 5800\nE   7   chromedriver                        0x0000000104ba8df8 cxxbridge1$string$len + 4036\nE   8   chromedriver                        0x0000000104ba8b84 cxxbridge1$string$len + 3408\nE   9   chromedriver                        0x0000000104ba695c chromedriver + 207196\nE   10  chromedriver                        0x0000000104ba73ec chromedriver + 209900\nE   11  chromedriver                        0x0000000104bc1454 _RNvCsgXDX2mvAJAg_7___rustc35___rust_no_alloc_shim_is_unstable_v2 + 86728\nE   12  chromedriver                        0x0000000104c47814 _RNvCsgXDX2mvAJAg_7___rustc35___rust_no_alloc_shim_is_unstable_v2 + 636552\nE   13  chromedriver                        0x0000000104c46d54 _RNvCsgXDX2mvAJAg_7___rustc35___rust_no_alloc_shim_is_unstable_v2 + 633800\nE   14  chromedriver                        0x0000000104bf9ef0 _RNvCsgXDX2mvAJAg_7___rustc35___rust_no_alloc_shim_is_unstable_v2 + 318820\nE   15  chromedriver                        0x00000001050720c8 cxxbridge1$str$ptr + 2692164\nE   16  chromedriver                        0x00000001050758dc cxxbridge1$str$ptr + 2706520\nE   17  chromedriver                        0x000000010505284c cxxbridge1$str$ptr + 2563016\nE   18  chromedriver                        0x00000001050761b4 cxxbridge1$str$ptr + 2708784\nE   19  chromedriver                        0x00000001050440f4 cxxbridge1$str$ptr + 2503792\nE   20  chromedriver                        0x0000000105095498 cxxbridge1$str$ptr + 2836500\nE   21  chromedriver                        0x000000010509561c cxxbridge1$str$ptr + 2836888\nE   22  chromedriver                        0x00000001050a67d8 cxxbridge1$str$ptr + 2906964\nE   23  libsystem_pthread.dylib             0x00000001951a0c08 _pthread_start + 136\nE   24  libsystem_pthread.dylib             0x000000019519bba8 thread_start + 8"}, "steps": [{"name": "Create temporary user", "status": "passed", "start": 1763510169103, "stop": 1763510169192}, {"name": "Login with temporary user", "status": "broken", "statusDetails": {"message": "selenium.common.exceptions.WebDriverException: Message: unknown error: net::ERR_CONNECTION_REFUSED\n  (Session info: chrome=142.0.7444.162)\nStacktrace:\n0   chromedriver                        0x00000001050aeecc cxxbridge1$str$ptr + 2941512\n1   chromedriver                        0x00000001050a6b88 cxxbridge1$str$ptr + 2907908\n2   chromedriver                        0x0000000104bbe2b0 _RNvCsgXDX2mvAJAg_7___rustc35___rust_no_alloc_shim_is_unstable_v2 + 74020\n3   chromedriver                        0x0000000104bb647c _RNvCsgXDX2mvAJAg_7___rustc35___rust_no_alloc_shim_is_unstable_v2 + 41712\n4   chromedriver                        0x0000000104ba9090 cxxbridge1$string$len + 4700\n5   chromedriver                        0x0000000104baab18 cxxbridge1$string$len + 11492\n6   chromedriver                        0x0000000104ba94dc cxxbridge1$string$len + 5800\n7   chromedriver                        0x0000000104ba8df8 cxxbridge1$string$len + 4036\n8   chromedriver                        0x0000000104ba8b84 cxxbridge1$string$len + 3408\n9   chromedriver                        0x0000000104ba695c chromedriver + 207196\n10  chromedriver                        0x0000000104ba73ec chromedriver + 209900\n11  chromedriver                        0x0000000104bc1454 _RNvCsgXDX2mvAJAg_7___rustc35___rust_no_alloc_shim_is_unstable_v2 + 86728\n12  chromedriver                        0x0000000104c47814 _RNvCsgXDX2mvAJAg_7___rustc35___rust_no_alloc_shim_is_unstable_v2 + 636552\n13  chromedriver                        0x0000000104c46d54 _RNvCsgXDX2mvAJAg_7___rustc35___rust_no_alloc_shim_is_unstable_v2 + 633800\n14  chromedriver                        0x0000000104bf9ef0 _RNvCsgXDX2mvAJAg_7___rustc35___rust_no_alloc_shim_is_unstable_v2 + 318820\n15  chromedriver                        0x00000001050720c8 cxxbridge1$str$ptr + 2692164\n16  chromedriver                        0x00000001050758dc cxxbridge1$str$ptr + 2706520\n17  chromedriver                        0x000000010505284c cxxbridge1$str$ptr + 2563016\n18  chromedriver                        0x00000001050761b4 cxxbridge1$str$ptr + 2708784\n19  chromedriver                        0x00000001050440f4 cxxbridge1$str$ptr + 2503792\n20  chromedriver                        0x0000000105095498 cxxbridge1$str$ptr + 2836500\n21  chromedriver                        0x000000010509561c cxxbridge1$str$ptr + 2836888\n22  chromedriver                        0x00000001050a67d8 cxxbridge1$str$ptr + 2906964\n23  libsystem_pthread.dylib             0x00000001951a0c08 _pthread_start + 136\n24  libsystem_pthread.dylib             0x000000019519bba8 thread_start + 8\n\n", "trace": "  File \"/Users/harper/cs/talenthub/tests/e2e/test_dsr.py\", line 189, in test_account_deletion_request\n    driver.get(f'{frontend_url}/login')\n  File \"/Users/harper/cs/talenthub/venv/lib/python3.12/site-packages/selenium/webdriver/remote/webdriver.py\", line 356, in get\n    self.execute(Command.GET, {\"url\": url})\n  File \"/Users/harper/cs/talenthub/venv/lib/python3.12/site-packages/selenium/webdriver/remote/webdriver.py\", line 347, in execute\n    self.error_handler.check_response(response)\n  File \"/Users/harper/cs/talenthub/venv/lib/python3.12/site-packages/selenium/webdriver/remote/errorhandler.py\", line 229, in check_response\n    raise exception_class(message, screen, stacktrace)\n"}, "start": 1763510169192, "stop": 1763510169427}], "attachments": [{"name": "stdout", "source": "3ebf40f3-1316-4243-bdd4-447bd308f3fe-attachment.txt", "type": "text/plain"}], "start": 1763510169103, "stop": 1763510169428, "uuid": "d45ece7d-afd4-4960-9814-49ecade673a0", "historyId": "c616854def5a9003983ab76bdf44e93c", "testCaseId": "c616854def5a9003983ab76bdf44e93c", "fullName": "e2e.test_dsr#test_account_deletion_request", "labels": [{"name": "story", "value": "Account Deletion"}, {"name": "feature", "value": "DSR Functionality"}, {"name": "tag", "value": "dsr"}, {"name": "parentSuite", "value": "e2e"}, {"name": "suite", "value": "test_dsr"}, {"name": "host", "value": "laorenji-2.local"}, {"name": "thread", "value": "54913-MainThread"}, {"name": "framework", "value": "pytest"}, {"name": "language", "value": "cpython3"}, {"name": "package", "value": "e2e.test_dsr"}]}