{"name": "test_data_export_request", "status": "broken", "statusDetails": {"message": "selenium.common.exceptions.TimeoutException: Message:", "trace": "tests/e2e/test_dsr.py:24: in test_data_export_request\n    WebDriverWait(driver, 15).until(\nvenv/lib/python3.12/site-packages/selenium/webdriver/support/wait.py:101: in until\n    raise TimeoutException(message, screen, stacktrace)\nE   selenium.common.exceptions.TimeoutException: Message:"}, "steps": [{"name": "Navigate to DSR page", "status": "broken", "statusDetails": {"message": "selenium.common.exceptions.TimeoutException: Message: \n\n", "trace": "  File \"/Users/harper/cs/talenthub/tests/e2e/test_dsr.py\", line 24, in test_data_export_request\n    WebDriverWait(driver, 15).until(\n  File \"/Users/harper/cs/talenthub/venv/lib/python3.12/site-packages/selenium/webdriver/support/wait.py\", line 101, in until\n    raise TimeoutException(message, screen, stacktrace)\n"}, "start": 1763491776002, "stop": 1763491793422}], "start": 1763491776001, "stop": 1763491793428, "uuid": "09314b85-86d6-4768-897d-87a71b458fcf", "historyId": "673be6eb2395ff88f9463e362ff6375a", "testCaseId": "673be6eb2395ff88f9463e362ff6375a", "fullName": "e2e.test_dsr#test_data_export_request", "labels": [{"name": "story", "value": "Data Export"}, {"name": "feature", "value": "DSR Functionality"}, {"name": "tag", "value": "dsr"}, {"name": "parentSuite", "value": "e2e"}, {"name": "suite", "value": "test_dsr"}, {"name": "host", "value": "laorenji-2.local"}, {"name": "thread", "value": "39290-MainThread"}, {"name": "framework", "value": "pytest"}, {"name": "language", "value": "cpython3"}, {"name": "package", "value": "e2e.test_dsr"}]}