{"name": "test_data_export_request", "status": "broken", "statusDetails": {"message": "selenium.common.exceptions.TimeoutException: Message: \nStacktrace:\n0   chromedriver                        0x0000000100a26ecc cxxbridge1$str$ptr + 2941512\n1   chromedriver                        0x0000000100a1eb88 cxxbridge1$str$ptr + 2907908\n2   chromedriver                        0x00000001005362b0 _RNvCsgXDX2mvAJAg_7___rustc35___rust_no_alloc_shim_is_unstable_v2 + 74020\n3   chromedriver                        0x000000010057d88c _RNvCsgXDX2mvAJAg_7___rustc35___rust_no_alloc_shim_is_unstable_v2 + 366336\n4   chromedriver                        0x00000001005bed54 _RNvCsgXDX2mvAJAg_7___rustc35___rust_no_alloc_shim_is_unstable_v2 + 633800\n5   chromedriver                        0x0000000100571ef0 _RNvCsgXDX2mvAJAg_7___rustc35___rust_no_alloc_shim_is_unstable_v2 + 318820\n6   chromedriver                        0x00000001009ea0c8 cxxbridge1$str$ptr + 2692164\n7   chromedriver                        0x00000001009ed8dc cxxbridge1$str$ptr + 2706520\n8   chromedriver                        0x00000001009ca84c cxxbridge1$str$ptr + 2563016\n9   chromedriver                        0x00000001009ee1b4 cxxbridge1$str$ptr + 2708784\n10  chromedriver                        0x00000001009bc0f4 cxxbridge1$str$ptr + 2503792\n11  chromedriver                        0x0000000100a0d498 cxxbridge1$str$ptr + 2836500\n12  chromedriver                        0x0000000100a0d61c cxxbridge1$str$ptr + 2836888\n13  chromedriver                        0x0000000100a1e7d8 cxxbridge1$str$ptr + 2906964\n14  libsystem_pthread.dylib             0x00000001951a0c08 _pthread_start + 136\n15  libsystem_pthread.dylib             0x000000019519bba8 thread_start + 8", "trace": "tests/e2e/test_dsr.py:39: in test_data_export_request\n    WebDriverWait(driver, 15).until(  # CHANGED\nvenv/lib/python3.12/site-packages/selenium/webdriver/support/wait.py:101: in until\n    raise TimeoutException(message, screen, stacktrace)\nE   selenium.common.exceptions.TimeoutException: Message: \nE   Stacktrace:\nE   0   chromedriver                        0x0000000100a26ecc cxxbridge1$str$ptr + 2941512\nE   1   chromedriver                        0x0000000100a1eb88 cxxbridge1$str$ptr + 2907908\nE   2   chromedriver                        0x00000001005362b0 _RNvCsgXDX2mvAJAg_7___rustc35___rust_no_alloc_shim_is_unstable_v2 + 74020\nE   3   chromedriver                        0x000000010057d88c _RNvCsgXDX2mvAJAg_7___rustc35___rust_no_alloc_shim_is_unstable_v2 + 366336\nE   4   chromedriver                        0x00000001005bed54 _RNvCsgXDX2mvAJAg_7___rustc35___rust_no_alloc_shim_is_unstable_v2 + 633800\nE   5   chromedriver                        0x0000000100571ef0 _RNvCsgXDX2mvAJAg_7___rustc35___rust_no_alloc_shim_is_unstable_v2 + 318820\nE   6   chromedriver                        0x00000001009ea0c8 cxxbridge1$str$ptr + 2692164\nE   7   chromedriver                        0x00000001009ed8dc cxxbridge1$str$ptr + 2706520\nE   8   chromedriver                        0x00000001009ca84c cxxbridge1$str$ptr + 2563016\nE   9   chromedriver                        0x00000001009ee1b4 cxxbridge1$str$ptr + 2708784\nE   10  chromedriver                        0x00000001009bc0f4 cxxbridge1$str$ptr + 2503792\nE   11  chromedriver                        0x0000000100a0d498 cxxbridge1$str$ptr + 2836500\nE   12  chromedriver                        0x0000000100a0d61c cxxbridge1$str$ptr + 2836888\nE   13  chromedriver                        0x0000000100a1e7d8 cxxbridge1$str$ptr + 2906964\nE   14  libsystem_pthread.dylib             0x00000001951a0c08 _pthread_start + 136\nE   15  libsystem_pthread.dylib             0x000000019519bba8 thread_start + 8"}, "steps": [{"name": "Navigate to DSR page", "status": "broken", "statusDetails": {"message": "selenium.common.exceptions.TimeoutException: Message: \nStacktrace:\n0   chromedriver                        0x0000000100a26ecc cxxbridge1$str$ptr + 2941512\n1   chromedriver                        0x0000000100a1eb88 cxxbridge1$str$ptr + 2907908\n2   chromedriver                        0x00000001005362b0 _RNvCsgXDX2mvAJAg_7___rustc35___rust_no_alloc_shim_is_unstable_v2 + 74020\n3   chromedriver                        0x000000010057d88c _RNvCsgXDX2mvAJAg_7___rustc35___rust_no_alloc_shim_is_unstable_v2 + 366336\n4   chromedriver                        0x00000001005bed54 _RNvCsgXDX2mvAJAg_7___rustc35___rust_no_alloc_shim_is_unstable_v2 + 633800\n5   chromedriver                        0x0000000100571ef0 _RNvCsgXDX2mvAJAg_7___rustc35___rust_no_alloc_shim_is_unstable_v2 + 318820\n6   chromedriver                        0x00000001009ea0c8 cxxbridge1$str$ptr + 2692164\n7   chromedriver                        0x00000001009ed8dc cxxbridge1$str$ptr + 2706520\n8   chromedriver                        0x00000001009ca84c cxxbridge1$str$ptr + 2563016\n9   chromedriver                        0x00000001009ee1b4 cxxbridge1$str$ptr + 2708784\n10  chromedriver                        0x00000001009bc0f4 cxxbridge1$str$ptr + 2503792\n11  chromedriver                        0x0000000100a0d498 cxxbridge1$str$ptr + 2836500\n12  chromedriver                        0x0000000100a0d61c cxxbridge1$str$ptr + 2836888\n13  chromedriver                        0x0000000100a1e7d8 cxxbridge1$str$ptr + 2906964\n14  libsystem_pthread.dylib             0x00000001951a0c08 _pthread_start + 136\n15  libsystem_pthread.dylib             0x000000019519bba8 thread_start + 8\n\n", "trace": "  File \"/Users/harper/cs/talenthub/tests/e2e/test_dsr.py\", line 39, in test_data_export_request\n    WebDriverWait(driver, 15).until(  # CHANGED\n  File \"/Users/harper/cs/talenthub/venv/lib/python3.12/site-packages/selenium/webdriver/support/wait.py\", line 101, in until\n    raise TimeoutException(message, screen, stacktrace)\n"}, "start": 1763493545355, "stop": 1763493569539}], "start": 1763493545354, "stop": 1763493569546, "uuid": "a5f93735-ccb9-4220-8111-63d640bf67c2", "historyId": "673be6eb2395ff88f9463e362ff6375a", "testCaseId": "673be6eb2395ff88f9463e362ff6375a", "fullName": "e2e.test_dsr#test_data_export_request", "labels": [{"name": "story", "value": "Data Export"}, {"name": "feature", "value": "DSR Functionality"}, {"name": "tag", "value": "dsr"}, {"name": "parentSuite", "value": "e2e"}, {"name": "suite", "value": "test_dsr"}, {"name": "host", "value": "laorenji-2.local"}, {"name": "thread", "value": "41381-MainThread"}, {"name": "framework", "value": "pytest"}, {"name": "language", "value": "cpython3"}, {"name": "package", "value": "e2e.test_dsr"}]}